
=== Wed Apr 10 11:05:43 2019

Packages were changed.
Update Mode: mergeDefaultDependencies

The following packages were added:
  com.unity.modules.androidjni@1.0.0
The following packages were updated:
  com.unity.collab-proxy from version 1.2.9 to 1.2.16
  com.unity.package-manager-ui from version 0.0.0-builtin to 2.2.0
  com.unity.purchasing from version 2.0.1 to 2.0.6
  com.unity.timeline from version 0.0.0-builtin to 1.0.0

=== Sat Jul  6 14:58:57 2019

Packages were changed.
Update Mode: updateDependencies

The following packages were added:
  com.unity.ide.vscode@1.0.7
  com.unity.ide.visualstudio@1.0.11
  com.unity.ide.rider@1.0.8
The following packages were updated:
  com.unity.analytics from version 3.2.2 to 3.3.2
  com.unity.render-pipelines.high-definition from version 5.10.0-preview to 6.5.2-preview
  com.unity.textmeshpro from version 1.3.0 to 2.0.1
  com.unity.timeline from version 1.0.0 to 1.1.0
The following packages were removed:
  com.unity.package-manager-ui@2.2.0
